sample.interval=20000
"unique" "rbind" "rbind" "func1" "eval" "eval" "withVisible" "withCallingHandlers" "handle" "timing_fn" "evaluate_call" "evaluate" "in_dir" "block_exec" "call_block" "process_group.block" "process_group" "withCallingHandlers" "process_file" "knitr::knit" "rmarkdown::render" 
"as.data.frame.vector" "as.data.frame.character" "as.data.frame" "data.frame" "rbind" "func1" "eval" "eval" "withVisible" "withCallingHandlers" "handle" "timing_fn" "evaluate_call" "evaluate" "in_dir" "block_exec" "call_block" "process_group.block" "process_group" "withCallingHandlers" "process_file" "knitr::knit" "rmarkdown::render" 
"attr" "rbind" "rbind" "func1" "eval" "eval" "withVisible" "withCallingHandlers" "handle" "timing_fn" "evaluate_call" "evaluate" "in_dir" "block_exec" "call_block" "process_group.block" "process_group" "withCallingHandlers" "process_file" "knitr::knit" "rmarkdown::render" 
"[<-.factor" "[<-" "rbind" "rbind" "func1" "eval" "eval" "withVisible" "withCallingHandlers" "handle" "timing_fn" "evaluate_call" "evaluate" "in_dir" "block_exec" "call_block" "process_group.block" "process_group" "withCallingHandlers" "process_file" "knitr::knit" "rmarkdown::render" 
"[<-.factor" "[<-" "rbind" "rbind" "func1" "eval" "eval" "withVisible" "withCallingHandlers" "handle" "timing_fn" "evaluate_call" "evaluate" "in_dir" "block_exec" "call_block" "process_group.block" "process_group" "withCallingHandlers" "process_file" "knitr::knit" "rmarkdown::render" 
"factor" "as.data.frame.character" "as.data.frame" "data.frame" "rbind" "func1" "eval" "eval" "withVisible" "withCallingHandlers" "handle" "timing_fn" "evaluate_call" "evaluate" "in_dir" "block_exec" "call_block" "process_group.block" "process_group" "withCallingHandlers" "process_file" "knitr::knit" "rmarkdown::render" 
"[<-.factor" "[<-" "rbind" "rbind" "func1" "eval" "eval" "withVisible" "withCallingHandlers" "handle" "timing_fn" "evaluate_call" "evaluate" "in_dir" "block_exec" "call_block" "process_group.block" "process_group" "withCallingHandlers" "process_file" "knitr::knit" "rmarkdown::render" 
"as.vector" "as.vector.factor" "as.vector" "as.vector" "rbind" "rbind" "func1" "eval" "eval" "withVisible" "withCallingHandlers" "handle" "timing_fn" "evaluate_call" "evaluate" "in_dir" "block_exec" "call_block" "process_group.block" "process_group" "withCallingHandlers" "process_file" "knitr::knit" "rmarkdown::render" 
"factor" "rbind" "rbind" "func1" "eval" "eval" "withVisible" "withCallingHandlers" "handle" "timing_fn" "evaluate_call" "evaluate" "in_dir" "block_exec" "call_block" "process_group.block" "process_group" "withCallingHandlers" "process_file" "knitr::knit" "rmarkdown::render" 
"[<-.factor" "[<-" "rbind" "rbind" "func1" "eval" "eval" "withVisible" "withCallingHandlers" "handle" "timing_fn" "evaluate_call" "evaluate" "in_dir" "block_exec" "call_block" "process_group.block" "process_group" "withCallingHandlers" "process_file" "knitr::knit" "rmarkdown::render" 
"as.vector" "as.vector.factor" "as.vector" "as.vector" "rbind" "rbind" "func1" "eval" "eval" "withVisible" "withCallingHandlers" "handle" "timing_fn" "evaluate_call" "evaluate" "in_dir" "block_exec" "call_block" "process_group.block" "process_group" "withCallingHandlers" "process_file" "knitr::knit" "rmarkdown::render" 
"names" "rbind" "rbind" "func1" "eval" "eval" "withVisible" "withCallingHandlers" "handle" "timing_fn" "evaluate_call" "evaluate" "in_dir" "block_exec" "call_block" "process_group.block" "process_group" "withCallingHandlers" "process_file" "knitr::knit" "rmarkdown::render" 
"[<-.factor" "[<-" "rbind" "rbind" "func1" "eval" "eval" "withVisible" "withCallingHandlers" "handle" "timing_fn" "evaluate_call" "evaluate" "in_dir" "block_exec" "call_block" "process_group.block" "process_group" "withCallingHandlers" "process_file" "knitr::knit" "rmarkdown::render" 
"make.names" "data.frame" "rbind" "func1" "eval" "eval" "withVisible" "withCallingHandlers" "handle" "timing_fn" "evaluate_call" "evaluate" "in_dir" "block_exec" "call_block" "process_group.block" "process_group" "withCallingHandlers" "process_file" "knitr::knit" "rmarkdown::render" 
"[<-.factor" "[<-" "rbind" "rbind" "func1" "eval" "eval" "withVisible" "withCallingHandlers" "handle" "timing_fn" "evaluate_call" "evaluate" "in_dir" "block_exec" "call_block" "process_group.block" "process_group" "withCallingHandlers" "process_file" "knitr::knit" "rmarkdown::render" 
"as.vector" "as.vector.factor" "as.vector" "as.vector" "factor" "rbind" "rbind" "func1" "eval" "eval" "withVisible" "withCallingHandlers" "handle" "timing_fn" "evaluate_call" "evaluate" "in_dir" "block_exec" "call_block" "process_group.block" "process_group" "withCallingHandlers" "process_file" "knitr::knit" "rmarkdown::render" 
"attributes" "structure" "rbind" "rbind" "func1" "eval" "eval" "withVisible" "withCallingHandlers" "handle" "timing_fn" "evaluate_call" "evaluate" "in_dir" "block_exec" "call_block" "process_group.block" "process_group" "withCallingHandlers" "process_file" "knitr::knit" "rmarkdown::render" 
"levels" "rbind" "rbind" "func1" "eval" "eval" "withVisible" "withCallingHandlers" "handle" "timing_fn" "evaluate_call" "evaluate" "in_dir" "block_exec" "call_block" "process_group.block" "process_group" "withCallingHandlers" "process_file" "knitr::knit" "rmarkdown::render" 
"attr" "rbind" "rbind" "func1" "eval" "eval" "withVisible" "withCallingHandlers" "handle" "timing_fn" "evaluate_call" "evaluate" "in_dir" "block_exec" "call_block" "process_group.block" "process_group" "withCallingHandlers" "process_file" "knitr::knit" "rmarkdown::render" 
"as.vector" "as.vector.factor" "as.vector" "as.vector" "rbind" "rbind" "func1" "eval" "eval" "withVisible" "withCallingHandlers" "handle" "timing_fn" "evaluate_call" "evaluate" "in_dir" "block_exec" "call_block" "process_group.block" "process_group" "withCallingHandlers" "process_file" "knitr::knit" "rmarkdown::render" 
"as.vector" "as.vector.factor" "as.vector" "as.vector" "rbind" "rbind" "func1" "eval" "eval" "withVisible" "withCallingHandlers" "handle" "timing_fn" "evaluate_call" "evaluate" "in_dir" "block_exec" "call_block" "process_group.block" "process_group" "withCallingHandlers" "process_file" "knitr::knit" "rmarkdown::render" 
"rbind" "rbind" "func1" "eval" "eval" "withVisible" "withCallingHandlers" "handle" "timing_fn" "evaluate_call" "evaluate" "in_dir" "block_exec" "call_block" "process_group.block" "process_group" "withCallingHandlers" "process_file" "knitr::knit" "rmarkdown::render" 
"sort.list" "factor" "as.data.frame.character" "as.data.frame" "data.frame" "rbind" "func1" "eval" "eval" "withVisible" "withCallingHandlers" "handle" "timing_fn" "evaluate_call" "evaluate" "in_dir" "block_exec" "call_block" "process_group.block" "process_group" "withCallingHandlers" "process_file" "knitr::knit" "rmarkdown::render" 
"factor" "rbind" "rbind" "func1" "eval" "eval" "withVisible" "withCallingHandlers" "handle" "timing_fn" "evaluate_call" "evaluate" "in_dir" "block_exec" "call_block" "process_group.block" "process_group" "withCallingHandlers" "process_file" "knitr::knit" "rmarkdown::render" 
"as.vector" "as.vector.factor" "as.vector" "as.vector" "factor" "rbind" "rbind" "func1" "eval" "eval" "withVisible" "withCallingHandlers" "handle" "timing_fn" "evaluate_call" "evaluate" "in_dir" "block_exec" "call_block" "process_group.block" "process_group" "withCallingHandlers" "process_file" "knitr::knit" "rmarkdown::render" 
"factor" "rbind" "rbind" "func1" "eval" "eval" "withVisible" "withCallingHandlers" "handle" "timing_fn" "evaluate_call" "evaluate" "in_dir" "block_exec" "call_block" "process_group.block" "process_group" "withCallingHandlers" "process_file" "knitr::knit" "rmarkdown::render" 
"[<-.factor" "[<-" "rbind" "rbind" "func1" "eval" "eval" "withVisible" "withCallingHandlers" "handle" "timing_fn" "evaluate_call" "evaluate" "in_dir" "block_exec" "call_block" "process_group.block" "process_group" "withCallingHandlers" "process_file" "knitr::knit" "rmarkdown::render" 
"[<-.factor" "[<-" "rbind" "rbind" "func1" "eval" "eval" "withVisible" "withCallingHandlers" "handle" "timing_fn" "evaluate_call" "evaluate" "in_dir" "block_exec" "call_block" "process_group.block" "process_group" "withCallingHandlers" "process_file" "knitr::knit" "rmarkdown::render" 
"sample" "data.frame" "rbind" "func1" "eval" "eval" "withVisible" "withCallingHandlers" "handle" "timing_fn" "evaluate_call" "evaluate" "in_dir" "block_exec" "call_block" "process_group.block" "process_group" "withCallingHandlers" "process_file" "knitr::knit" "rmarkdown::render" 
"[<-.factor" "[<-" "rbind" "rbind" "func1" "eval" "eval" "withVisible" "withCallingHandlers" "handle" "timing_fn" "evaluate_call" "evaluate" "in_dir" "block_exec" "call_block" "process_group.block" "process_group" "withCallingHandlers" "process_file" "knitr::knit" "rmarkdown::render" 
"[<-.factor" "[<-" "rbind" "rbind" "func1" "eval" "eval" "withVisible" "withCallingHandlers" "handle" "timing_fn" "evaluate_call" "evaluate" "in_dir" "block_exec" "call_block" "process_group.block" "process_group" "withCallingHandlers" "process_file" "knitr::knit" "rmarkdown::render" 
"factor" "rbind" "rbind" "func1" "eval" "eval" "withVisible" "withCallingHandlers" "handle" "timing_fn" "evaluate_call" "evaluate" "in_dir" "block_exec" "call_block" "process_group.block" "process_group" "withCallingHandlers" "process_file" "knitr::knit" "rmarkdown::render" 
"[<-.factor" "[<-" "rbind" "rbind" "func1" "eval" "eval" "withVisible" "withCallingHandlers" "handle" "timing_fn" "evaluate_call" "evaluate" "in_dir" "block_exec" "call_block" "process_group.block" "process_group" "withCallingHandlers" "process_file" "knitr::knit" "rmarkdown::render" 
"as.vector" "as.vector.factor" "as.vector" "as.vector" "rbind" "rbind" "func1" "eval" "eval" "withVisible" "withCallingHandlers" "handle" "timing_fn" "evaluate_call" "evaluate" "in_dir" "block_exec" "call_block" "process_group.block" "process_group" "withCallingHandlers" "process_file" "knitr::knit" "rmarkdown::render" 
"force" "as.data.frame.vector" "as.data.frame.character" "as.data.frame" "data.frame" "rbind" "func1" "eval" "eval" "withVisible" "withCallingHandlers" "handle" "timing_fn" "evaluate_call" "evaluate" "in_dir" "block_exec" "call_block" "process_group.block" "process_group" "withCallingHandlers" "process_file" "knitr::knit" "rmarkdown::render" 
"as.vector" "as.vector.factor" "as.vector" "as.vector" "factor" "rbind" "rbind" "func1" "eval" "eval" "withVisible" "withCallingHandlers" "handle" "timing_fn" "evaluate_call" "evaluate" "in_dir" "block_exec" "call_block" "process_group.block" "process_group" "withCallingHandlers" "process_file" "knitr::knit" "rmarkdown::render" 
"[<-.factor" "[<-" "rbind" "rbind" "func1" "eval" "eval" "withVisible" "withCallingHandlers" "handle" "timing_fn" "evaluate_call" "evaluate" "in_dir" "block_exec" "call_block" "process_group.block" "process_group" "withCallingHandlers" "process_file" "knitr::knit" "rmarkdown::render" 
"[<-.factor" "[<-" "rbind" "rbind" "func1" "eval" "eval" "withVisible" "withCallingHandlers" "handle" "timing_fn" "evaluate_call" "evaluate" "in_dir" "block_exec" "call_block" "process_group.block" "process_group" "withCallingHandlers" "process_file" "knitr::knit" "rmarkdown::render" 
"factor" "rbind" "rbind" "func1" "eval" "eval" "withVisible" "withCallingHandlers" "handle" "timing_fn" "evaluate_call" "evaluate" "in_dir" "block_exec" "call_block" "process_group.block" "process_group" "withCallingHandlers" "process_file" "knitr::knit" "rmarkdown::render" 
"as.vector" "as.vector.factor" "as.vector" "as.vector" "factor" "rbind" "rbind" "func1" "eval" "eval" "withVisible" "withCallingHandlers" "handle" "timing_fn" "evaluate_call" "evaluate" "in_dir" "block_exec" "call_block" "process_group.block" "process_group" "withCallingHandlers" "process_file" "knitr::knit" "rmarkdown::render" 
"as.vector" "as.vector.factor" "as.vector" "as.vector" "factor" "rbind" "rbind" "func1" "eval" "eval" "withVisible" "withCallingHandlers" "handle" "timing_fn" "evaluate_call" "evaluate" "in_dir" "block_exec" "call_block" "process_group.block" "process_group" "withCallingHandlers" "process_file" "knitr::knit" "rmarkdown::render" 
"mode" "%in%" "deparse" "paste" "force" "as.data.frame.integer" "as.data.frame" "data.frame" "rbind" "func1" "eval" "eval" "withVisible" "withCallingHandlers" "handle" "timing_fn" "evaluate_call" "evaluate" "in_dir" "block_exec" "call_block" "process_group.block" "process_group" "withCallingHandlers" "process_file" "knitr::knit" "rmarkdown::render" 
"as.vector.factor" "as.vector" "as.vector" "rbind" "rbind" "func1" "eval" "eval" "withVisible" "withCallingHandlers" "handle" "timing_fn" "evaluate_call" "evaluate" "in_dir" "block_exec" "call_block" "process_group.block" "process_group" "withCallingHandlers" "process_file" "knitr::knit" "rmarkdown::render" 
"as.vector" "as.vector.factor" "as.vector" "as.vector" "rbind" "rbind" "func1" "eval" "eval" "withVisible" "withCallingHandlers" "handle" "timing_fn" "evaluate_call" "evaluate" "in_dir" "block_exec" "call_block" "process_group.block" "process_group" "withCallingHandlers" "process_file" "knitr::knit" "rmarkdown::render" 
"factor" "rbind" "rbind" "func1" "eval" "eval" "withVisible" "withCallingHandlers" "handle" "timing_fn" "evaluate_call" "evaluate" "in_dir" "block_exec" "call_block" "process_group.block" "process_group" "withCallingHandlers" "process_file" "knitr::knit" "rmarkdown::render" 
"factor" "rbind" "rbind" "func1" "eval" "eval" "withVisible" "withCallingHandlers" "handle" "timing_fn" "evaluate_call" "evaluate" "in_dir" "block_exec" "call_block" "process_group.block" "process_group" "withCallingHandlers" "process_file" "knitr::knit" "rmarkdown::render" 
"[<-.factor" "[<-" "rbind" "rbind" "func1" "eval" "eval" "withVisible" "withCallingHandlers" "handle" "timing_fn" "evaluate_call" "evaluate" "in_dir" "block_exec" "call_block" "process_group.block" "process_group" "withCallingHandlers" "process_file" "knitr::knit" "rmarkdown::render" 
"[<-.factor" "[<-" "rbind" "rbind" "func1" "eval" "eval" "withVisible" "withCallingHandlers" "handle" "timing_fn" "evaluate_call" "evaluate" "in_dir" "block_exec" "call_block" "process_group.block" "process_group" "withCallingHandlers" "process_file" "knitr::knit" "rmarkdown::render" 
"as.vector" "as.vector.factor" "as.vector" "as.vector" "rbind" "rbind" "func1" "eval" "eval" "withVisible" "withCallingHandlers" "handle" "timing_fn" "evaluate_call" "evaluate" "in_dir" "block_exec" "call_block" "process_group.block" "process_group" "withCallingHandlers" "process_file" "knitr::knit" "rmarkdown::render" 
"factor" "rbind" "rbind" "func1" "eval" "eval" "withVisible" "withCallingHandlers" "handle" "timing_fn" "evaluate_call" "evaluate" "in_dir" "block_exec" "call_block" "process_group.block" "process_group" "withCallingHandlers" "process_file" "knitr::knit" "rmarkdown::render" 
"factor" "rbind" "rbind" "func1" "eval" "eval" "withVisible" "withCallingHandlers" "handle" "timing_fn" "evaluate_call" "evaluate" "in_dir" "block_exec" "call_block" "process_group.block" "process_group" "withCallingHandlers" "process_file" "knitr::knit" "rmarkdown::render" 
"[<-.factor" "[<-" "rbind" "rbind" "func1" "eval" "eval" "withVisible" "withCallingHandlers" "handle" "timing_fn" "evaluate_call" "evaluate" "in_dir" "block_exec" "call_block" "process_group.block" "process_group" "withCallingHandlers" "process_file" "knitr::knit" "rmarkdown::render" 
"as.vector" "as.vector.factor" "as.vector" "as.vector" "factor" "rbind" "rbind" "func1" "eval" "eval" "withVisible" "withCallingHandlers" "handle" "timing_fn" "evaluate_call" "evaluate" "in_dir" "block_exec" "call_block" "process_group.block" "process_group" "withCallingHandlers" "process_file" "knitr::knit" "rmarkdown::render" 
"[<-.factor" "[<-" "rbind" "rbind" "func1" "eval" "eval" "withVisible" "withCallingHandlers" "handle" "timing_fn" "evaluate_call" "evaluate" "in_dir" "block_exec" "call_block" "process_group.block" "process_group" "withCallingHandlers" "process_file" "knitr::knit" "rmarkdown::render" 
"rbind" "rbind" "func1" "eval" "eval" "withVisible" "withCallingHandlers" "handle" "timing_fn" "evaluate_call" "evaluate" "in_dir" "block_exec" "call_block" "process_group.block" "process_group" "withCallingHandlers" "process_file" "knitr::knit" "rmarkdown::render" 
"factor" "rbind" "rbind" "func1" "eval" "eval" "withVisible" "withCallingHandlers" "handle" "timing_fn" "evaluate_call" "evaluate" "in_dir" "block_exec" "call_block" "process_group.block" "process_group" "withCallingHandlers" "process_file" "knitr::knit" "rmarkdown::render" 
"factor" "rbind" "rbind" "func1" "eval" "eval" "withVisible" "withCallingHandlers" "handle" "timing_fn" "evaluate_call" "evaluate" "in_dir" "block_exec" "call_block" "process_group.block" "process_group" "withCallingHandlers" "process_file" "knitr::knit" "rmarkdown::render" 
"is.na" "[<-.factor" "[<-" "rbind" "rbind" "func1" "eval" "eval" "withVisible" "withCallingHandlers" "handle" "timing_fn" "evaluate_call" "evaluate" "in_dir" "block_exec" "call_block" "process_group.block" "process_group" "withCallingHandlers" "process_file" "knitr::knit" "rmarkdown::render" 
"[<-.factor" "[<-" "rbind" "rbind" "func1" "eval" "eval" "withVisible" "withCallingHandlers" "handle" "timing_fn" "evaluate_call" "evaluate" "in_dir" "block_exec" "call_block" "process_group.block" "process_group" "withCallingHandlers" "process_file" "knitr::knit" "rmarkdown::render" 
"[<-.factor" "[<-" "rbind" "rbind" "func1" "eval" "eval" "withVisible" "withCallingHandlers" "handle" "timing_fn" "evaluate_call" "evaluate" "in_dir" "block_exec" "call_block" "process_group.block" "process_group" "withCallingHandlers" "process_file" "knitr::knit" "rmarkdown::render" 
"factor" "rbind" "rbind" "func1" "eval" "eval" "withVisible" "withCallingHandlers" "handle" "timing_fn" "evaluate_call" "evaluate" "in_dir" "block_exec" "call_block" "process_group.block" "process_group" "withCallingHandlers" "process_file" "knitr::knit" "rmarkdown::render" 
"as.vector" "as.vector.factor" "as.vector" "as.vector" "factor" "rbind" "rbind" "func1" "eval" "eval" "withVisible" "withCallingHandlers" "handle" "timing_fn" "evaluate_call" "evaluate" "in_dir" "block_exec" "call_block" "process_group.block" "process_group" "withCallingHandlers" "process_file" "knitr::knit" "rmarkdown::render" 
"as.vector" "as.vector.factor" "as.vector" "as.vector" "factor" "rbind" "rbind" "func1" "eval" "eval" "withVisible" "withCallingHandlers" "handle" "timing_fn" "evaluate_call" "evaluate" "in_dir" "block_exec" "call_block" "process_group.block" "process_group" "withCallingHandlers" "process_file" "knitr::knit" "rmarkdown::render" 
"[<-.factor" "[<-" "rbind" "rbind" "func1" "eval" "eval" "withVisible" "withCallingHandlers" "handle" "timing_fn" "evaluate_call" "evaluate" "in_dir" "block_exec" "call_block" "process_group.block" "process_group" "withCallingHandlers" "process_file" "knitr::knit" "rmarkdown::render" 
"[<-.factor" "[<-" "rbind" "rbind" "func1" "eval" "eval" "withVisible" "withCallingHandlers" "handle" "timing_fn" "evaluate_call" "evaluate" "in_dir" "block_exec" "call_block" "process_group.block" "process_group" "withCallingHandlers" "process_file" "knitr::knit" "rmarkdown::render" 
"as.vector" "as.vector.factor" "as.vector" "as.vector" "factor" "rbind" "rbind" "func1" "eval" "eval" "withVisible" "withCallingHandlers" "handle" "timing_fn" "evaluate_call" "evaluate" "in_dir" "block_exec" "call_block" "process_group.block" "process_group" "withCallingHandlers" "process_file" "knitr::knit" "rmarkdown::render" 
"[<-.factor" "[<-" "rbind" "rbind" "func1" "eval" "eval" "withVisible" "withCallingHandlers" "handle" "timing_fn" "evaluate_call" "evaluate" "in_dir" "block_exec" "call_block" "process_group.block" "process_group" "withCallingHandlers" "process_file" "knitr::knit" "rmarkdown::render" 
"[<-.factor" "[<-" "rbind" "rbind" "func1" "eval" "eval" "withVisible" "withCallingHandlers" "handle" "timing_fn" "evaluate_call" "evaluate" "in_dir" "block_exec" "call_block" "process_group.block" "process_group" "withCallingHandlers" "process_file" "knitr::knit" "rmarkdown::render" 
"rbind" "rbind" "func1" "eval" "eval" "withVisible" "withCallingHandlers" "handle" "timing_fn" "evaluate_call" "evaluate" "in_dir" "block_exec" "call_block" "process_group.block" "process_group" "withCallingHandlers" "process_file" "knitr::knit" "rmarkdown::render" 
"factor" "rbind" "rbind" "func1" "eval" "eval" "withVisible" "withCallingHandlers" "handle" "timing_fn" "evaluate_call" "evaluate" "in_dir" "block_exec" "call_block" "process_group.block" "process_group" "withCallingHandlers" "process_file" "knitr::knit" "rmarkdown::render" 
"[<-.factor" "[<-" "rbind" "rbind" "func1" "eval" "eval" "withVisible" "withCallingHandlers" "handle" "timing_fn" "evaluate_call" "evaluate" "in_dir" "block_exec" "call_block" "process_group.block" "process_group" "withCallingHandlers" "process_file" "knitr::knit" "rmarkdown::render" 
"factor" "rbind" "rbind" "func1" "eval" "eval" "withVisible" "withCallingHandlers" "handle" "timing_fn" "evaluate_call" "evaluate" "in_dir" "block_exec" "call_block" "process_group.block" "process_group" "withCallingHandlers" "process_file" "knitr::knit" "rmarkdown::render" 
"attr" "rbind" "rbind" "func1" "eval" "eval" "withVisible" "withCallingHandlers" "handle" "timing_fn" "evaluate_call" "evaluate" "in_dir" "block_exec" "call_block" "process_group.block" "process_group" "withCallingHandlers" "process_file" "knitr::knit" "rmarkdown::render" 
"as.vector" "as.vector.factor" "as.vector" "as.vector" "rbind" "rbind" "func1" "eval" "eval" "withVisible" "withCallingHandlers" "handle" "timing_fn" "evaluate_call" "evaluate" "in_dir" "block_exec" "call_block" "process_group.block" "process_group" "withCallingHandlers" "process_file" "knitr::knit" "rmarkdown::render" 
"factor" "rbind" "rbind" "func1" "eval" "eval" "withVisible" "withCallingHandlers" "handle" "timing_fn" "evaluate_call" "evaluate" "in_dir" "block_exec" "call_block" "process_group.block" "process_group" "withCallingHandlers" "process_file" "knitr::knit" "rmarkdown::render" 
"[<-.factor" "[<-" "rbind" "rbind" "func1" "eval" "eval" "withVisible" "withCallingHandlers" "handle" "timing_fn" "evaluate_call" "evaluate" "in_dir" "block_exec" "call_block" "process_group.block" "process_group" "withCallingHandlers" "process_file" "knitr::knit" "rmarkdown::render" 
"attr" "rbind" "rbind" "func1" "eval" "eval" "withVisible" "withCallingHandlers" "handle" "timing_fn" "evaluate_call" "evaluate" "in_dir" "block_exec" "call_block" "process_group.block" "process_group" "withCallingHandlers" "process_file" "knitr::knit" "rmarkdown::render" 
"as.vector" "as.vector.factor" "as.vector" "as.vector" "rbind" "rbind" "func1" "eval" "eval" "withVisible" "withCallingHandlers" "handle" "timing_fn" "evaluate_call" "evaluate" "in_dir" "block_exec" "call_block" "process_group.block" "process_group" "withCallingHandlers" "process_file" "knitr::knit" "rmarkdown::render" 
"factor" "rbind" "rbind" "func1" "eval" "eval" "withVisible" "withCallingHandlers" "handle" "timing_fn" "evaluate_call" "evaluate" "in_dir" "block_exec" "call_block" "process_group.block" "process_group" "withCallingHandlers" "process_file" "knitr::knit" "rmarkdown::render" 
